<?xml version="1.0" encoding="UTF-8"?>
<!-- Generated by org.testng.reporters.JUnitReportReporter -->
<testsuite skipped="0" hostname="DESKTOP-NFIQ0E1" name="com.capgemini.myntra.contactus.runnerclass.TC_ContactUs_004Runner" tests="1" failures="0" timestamp="04 May 2020 17:56:24 GMT" time="19.612" errors="0">
  <testcase name="feature" time="19.612" classname="com.capgemini.myntra.contactus.runnerclass.TC_ContactUs_004Runner"/>
</testsuite> <!-- com.capgemini.myntra.contactus.runnerclass.TC_ContactUs_004Runner -->
