<?xml version="1.0" encoding="UTF-8"?>
<!-- Generated by org.testng.reporters.JUnitReportReporter -->
<testsuite skipped="0" hostname="DESKTOP-NFIQ0E1" name="com.capgemini.myntra.runnerclass.ChangePasswordEndToEndRunner" tests="1" failures="0" timestamp="03 May 2020 16:58:16 GMT" time="27.046" errors="0">
  <testcase name="feature" time="27.046" classname="com.capgemini.myntra.runnerclass.ChangePasswordEndToEndRunner"/>
</testsuite> <!-- com.capgemini.myntra.runnerclass.ChangePasswordEndToEndRunner -->
