<?xml version="1.0" encoding="UTF-8"?>
<!-- Generated by org.testng.reporters.JUnitReportReporter -->
<testsuite skipped="0" hostname="DESKTOP-NFIQ0E1" name="com.capgemini.myntra.runnerclass.ChangePasswordEndToEndRunner" tests="1" failures="0" timestamp="04 May 2020 17:24:10 GMT" time="26.307" errors="0">
  <testcase name="feature" time="26.307" classname="com.capgemini.myntra.runnerclass.ChangePasswordEndToEndRunner"/>
</testsuite> <!-- com.capgemini.myntra.runnerclass.ChangePasswordEndToEndRunner -->
