<?xml version="1.0" encoding="UTF-8"?>
<!-- Generated by org.testng.reporters.JUnitReportReporter -->
<testsuite skipped="0" hostname="DESKTOP-NFIQ0E1" name="com.capgemini.myntra.runnerclass.ButingProductRunner" tests="1" failures="0" timestamp="01 May 2020 17:32:37 GMT" time="0.053" errors="0">
  <testcase name="feature" time="0.053" classname="com.capgemini.myntra.runnerclass.ButingProductRunner"/>
</testsuite> <!-- com.capgemini.myntra.runnerclass.ButingProductRunner -->
