<?xml version="1.0" encoding="UTF-8"?>
<!-- Generated by org.testng.reporters.JUnitReportReporter -->
<testsuite skipped="0" hostname="DESKTOP-NFIQ0E1" name="com.capgemini.myntra.contactus.runnerclass.TC_ContactUs_003Runner" tests="1" failures="0" timestamp="04 May 2020 16:51:45 GMT" time="27.530" errors="0">
  <testcase name="feature" time="27.530" classname="com.capgemini.myntra.contactus.runnerclass.TC_ContactUs_003Runner"/>
</testsuite> <!-- com.capgemini.myntra.contactus.runnerclass.TC_ContactUs_003Runner -->
