<?xml version="1.0" encoding="UTF-8"?>
<!-- Generated by org.testng.reporters.JUnitReportReporter -->
<testsuite skipped="0" hostname="DESKTOP-NFIQ0E1" name="com.capgemini.myntra.contactus.runnerclass.TC_ContactUs_008Runner" tests="1" failures="0" timestamp="05 May 2020 09:25:19 GMT" time="22.242" errors="0">
  <testcase name="feature" time="22.242" classname="com.capgemini.myntra.contactus.runnerclass.TC_ContactUs_008Runner"/>
</testsuite> <!-- com.capgemini.myntra.contactus.runnerclass.TC_ContactUs_008Runner -->
