<?xml version="1.0" encoding="UTF-8"?>
<!-- Generated by org.testng.reporters.JUnitReportReporter -->
<testsuite skipped="0" hostname="DESKTOP-NFIQ0E1" name="com.capgemini.myntra.runnerclass.BuyingProductEndToEndRunner" tests="1" failures="0" timestamp="05 May 2020 10:51:04 GMT" time="37.561" errors="0">
  <testcase name="feature" time="37.561" classname="com.capgemini.myntra.runnerclass.BuyingProductEndToEndRunner"/>
</testsuite> <!-- com.capgemini.myntra.runnerclass.BuyingProductEndToEndRunner -->
