<?xml version="1.0" encoding="UTF-8"?>
<!-- Generated by org.testng.reporters.JUnitReportReporter -->
<testsuite skipped="0" hostname="DESKTOP-NFIQ0E1" name="com.capgemini.myntra.runnerclass.BuyingProductEndToEndRunner" tests="1" failures="0" timestamp="02 May 2020 17:54:27 GMT" time="0.069" errors="0">
  <testcase name="feature" time="0.069" classname="com.capgemini.myntra.runnerclass.BuyingProductEndToEndRunner"/>
</testsuite> <!-- com.capgemini.myntra.runnerclass.BuyingProductEndToEndRunner -->
