<?xml version="1.0" encoding="UTF-8"?>
<!-- Generated by org.testng.reporters.JUnitReportReporter -->
<testsuite skipped="0" hostname="DESKTOP-NFIQ0E1" name="com.capgemini.myntra.runnerclass.LoginRunner" tests="1" failures="0" timestamp="05 May 2020 10:50:12 GMT" time="13.653" errors="0">
  <testcase name="feature" time="13.653" classname="com.capgemini.myntra.runnerclass.LoginRunner"/>
</testsuite> <!-- com.capgemini.myntra.runnerclass.LoginRunner -->
